-- Found ament_cmake: 0.9.12 (/opt/ros/foxy/share/ament_cmake/cmake)
-- Using PYTHON_EXECUTABLE: /usr/bin/python3
-- Override CMake install command with custom implementation using symlinks instead of copying resources
-- Found rclcpp: 2.4.3 (/opt/ros/foxy/share/rclcpp/cmake)
-- Using all available rosidl_typesupport_c: rosidl_typesupport_fastrtps_c;rosidl_typesupport_introspection_c
-- Found rosidl_adapter: 1.3.1 (/opt/ros/foxy/share/rosidl_adapter/cmake)
-- Using all available rosidl_typesupport_cpp: rosidl_typesupport_fastrtps_cpp;rosidl_typesupport_introspection_cpp
-- Found rmw_implementation_cmake: 1.0.4 (/opt/ros/foxy/share/rmw_implementation_cmake/cmake)
-- Using RMW implementation 'rmw_fastrtps_cpp' as default
-- Found geometry_msgs: 2.0.5 (/opt/ros/foxy/share/geometry_msgs/cmake)
-- Found mavros_msgs: 2.4.0 (/opt/ros/foxy/share/mavros_msgs/cmake)
-- Configuring done
-- Generating done
-- Build files have been written to: /home/lrs-ubuntu/Documents/GitHub/LRS-zadania/workspace/build/template_drone_control
[35m[1mScanning dependencies of target swaarm_control[0m
[ 25%] [32mBuilding CXX object CMakeFiles/swaarm_control.dir/src/swaarm_control.cpp.o[0m
[01m[K/home/lrs-ubuntu/Documents/GitHub/LRS-zadania/workspace/src/template_drone_control/src/swaarm_control.cpp:1:10:[m[K [01;31m[Kfatal error: [m[Krclcpp/rclcpp.hpp: No such file or directory
    1 | #include [01;31m[K"rclcpp/rclcpp.hpp"[m[K
      |          [01;31m[K^~~~~~~~~~~~~~~~~~~[m[K
compilation terminated.
make[2]: *** [CMakeFiles/swaarm_control.dir/build.make:63: CMakeFiles/swaarm_control.dir/src/swaarm_control.cpp.o] Error 1
make[1]: *** [CMakeFiles/Makefile2:80: CMakeFiles/swaarm_control.dir/all] Error 2
make[1]: *** Waiting for unfinished jobs....
[ 75%] Built target template_drone_control_node
make: *** [Makefile:141: all] Error 2
