[0.008s] Invoking command in '/home/lrs-ubuntu/Documents/GitHub/LRS-zadania/workspace/build/template_drone_control': CMAKE_PREFIX_PATH=${CMAKE_PREFIX_PATH}:/opt/ros/foxy /usr/bin/cmake --build /home/lrs-ubuntu/Documents/GitHub/LRS-zadania/workspace/build/template_drone_control -- -j16 -l16
[0.038s] [35m[1mScanning dependencies of target swaarm_control[0m
[0.051s] [ 50%] Built target template_drone_control_node
[0.064s] [ 75%] [32mBuilding CXX object CMakeFiles/swaarm_control.dir/src/swaarm_control.cpp.o[0m
[3.183s] /home/lrs-ubuntu/Documents/GitHub/LRS-zadania/workspace/src/template_drone_control/src/swaarm_control.cpp: In constructor â€˜MultiDroneControl::MultiDroneControl()â€™:
[3.183s] /home/lrs-ubuntu/Documents/GitHub/LRS-zadania/workspace/src/template_drone_control/src/swaarm_control.cpp:90:14: warning: structured bindings only available with â€˜-std=c++17â€™ or â€˜-std=gnu++17â€™
[3.183s]    90 |         auto [coordsDrone2, coordsDrone3] = calculateFollowerPositions(coordsDrone1);
[3.183s]       |              ^
[3.183s] /home/lrs-ubuntu/Documents/GitHub/LRS-zadania/workspace/src/template_drone_control/src/swaarm_control.cpp:102:10: warning: left operand of comma operator has no effect [-Wunused-value]
[3.183s]   102 |         {coordsDrone2, coordsDrone3} = calculateFollowerPositions(coordsDrone1);
[3.184s]       |          ^~~~~~~~~~~~
[3.184s] /home/lrs-ubuntu/Documents/GitHub/LRS-zadania/workspace/src/template_drone_control/src/swaarm_control.cpp:102:36: error: expected â€˜;â€™ before â€˜}â€™ token
[3.184s]   102 |         {coordsDrone2, coordsDrone3} = calculateFollowerPositions(coordsDrone1);
[3.184s]       |                                    ^
[3.184s]       |                                    ;
[3.184s] /home/lrs-ubuntu/Documents/GitHub/LRS-zadania/workspace/src/template_drone_control/src/swaarm_control.cpp:102:24: warning: right operand of comma operator has no effect [-Wunused-value]
[3.184s]   102 |         {coordsDrone2, coordsDrone3} = calculateFollowerPositions(coordsDrone1);
[3.184s]       |                        ^~~~~~~~~~~~
[3.184s] /home/lrs-ubuntu/Documents/GitHub/LRS-zadania/workspace/src/template_drone_control/src/swaarm_control.cpp:102:38: error: expected primary-expression before â€˜=â€™ token
[3.184s]   102 |         {coordsDrone2, coordsDrone3} = calculateFollowerPositions(coordsDrone1);
[3.184s]       |                                      ^
[3.184s] /home/lrs-ubuntu/Documents/GitHub/LRS-zadania/workspace/src/template_drone_control/src/swaarm_control.cpp:65:16: warning: unused variable â€˜droneCoordsâ€™ [-Wunused-variable]
[3.184s]    65 |         Coords droneCoords;
[3.184s]       |                ^~~~~~~~~~~
[3.184s] /home/lrs-ubuntu/Documents/GitHub/LRS-zadania/workspace/src/template_drone_control/src/swaarm_control.cpp: In member function â€˜std::pair<MultiDroneControl::Coords, MultiDroneControl::Coords> MultiDroneControl::calculateFollowerPositions(const MultiDroneControl::Coords&)â€™:
[3.184s] /home/lrs-ubuntu/Documents/GitHub/LRS-zadania/workspace/src/template_drone_control/src/swaarm_control.cpp:181:16: warning: unused variable â€˜angleRadâ€™ [-Wunused-variable]
[3.184s]   181 |         double angleRad = angle * M_PI / 180.0;
[3.184s]       |                ^~~~~~~~
[3.184s] /home/lrs-ubuntu/Documents/GitHub/LRS-zadania/workspace/src/template_drone_control/src/swaarm_control.cpp: In member function â€˜MultiDroneControl::Coords MultiDroneControl::get_coords(const string&)â€™:
[3.184s] /home/lrs-ubuntu/Documents/GitHub/LRS-zadania/workspace/src/template_drone_control/src/swaarm_control.cpp:259:13: warning: unused variable â€˜iâ€™ [-Wunused-variable]
[3.184s]   259 |         int i = 0;
[3.185s]       |             ^
[3.185s] /home/lrs-ubuntu/Documents/GitHub/LRS-zadania/workspace/src/template_drone_control/src/swaarm_control.cpp:257:42: warning: unused parameter â€˜nsâ€™ [-Wunused-parameter]
[3.185s]   257 |     Coords get_coords(const std::string &ns){
[3.185s]       |                       ~~~~~~~~~~~~~~~~~~~^~
[3.185s] make[2]: *** [CMakeFiles/swaarm_control.dir/build.make:63: CMakeFiles/swaarm_control.dir/src/swaarm_control.cpp.o] Error 1
[3.185s] make[1]: *** [CMakeFiles/Makefile2:80: CMakeFiles/swaarm_control.dir/all] Error 2
[3.185s] make: *** [Makefile:141: all] Error 2
[3.185s] Invoked command in '/home/lrs-ubuntu/Documents/GitHub/LRS-zadania/workspace/build/template_drone_control' returned '2': CMAKE_PREFIX_PATH=${CMAKE_PREFIX_PATH}:/opt/ros/foxy /usr/bin/cmake --build /home/lrs-ubuntu/Documents/GitHub/LRS-zadania/workspace/build/template_drone_control -- -j16 -l16
