[35m[1mScanning dependencies of target swaarm_control[0m
[ 50%] Built target template_drone_control_node
[ 75%] [32mBuilding CXX object CMakeFiles/swaarm_control.dir/src/swaarm_control.cpp.o[0m
/home/lrs-ubuntu/Documents/GitHub/LRS-zadania/workspace/src/template_drone_control/src/swaarm_control.cpp: In lambda function:
/home/lrs-ubuntu/Documents/GitHub/LRS-zadania/workspace/src/template_drone_control/src/swaarm_control.cpp:89:38: error: expected â€˜{â€™ before â€˜=â€™ token
   89 |         [coordsDrone2, coordsDrone3] = calculateFollowerPositions(coordsDrone1, coordsDrone1.angle);
      |                                      ^
/home/lrs-ubuntu/Documents/GitHub/LRS-zadania/workspace/src/template_drone_control/src/swaarm_control.cpp: In constructor â€˜MultiDroneControl::MultiDroneControl()â€™:
/home/lrs-ubuntu/Documents/GitHub/LRS-zadania/workspace/src/template_drone_control/src/swaarm_control.cpp:89:99: error: no match for â€˜operator=â€™ (operand types are â€˜MultiDroneControl::MultiDroneControl()::<lambda()>â€™ and â€˜std::pair<MultiDroneControl::Coords, MultiDroneControl::Coords>â€™)
   89 |         [coordsDrone2, coordsDrone3] = calculateFollowerPositions(coordsDrone1, coordsDrone1.angle);
      |                                                                                                   ^
/home/lrs-ubuntu/Documents/GitHub/LRS-zadania/workspace/src/template_drone_control/src/swaarm_control.cpp:89:36: note: candidate: â€˜MultiDroneControl::MultiDroneControl()::<lambda()>& MultiDroneControl::MultiDroneControl()::<lambda()>::operator=(const MultiDroneControl::MultiDroneControl()::<lambda()>&)â€™ <deleted>
   89 |         [coordsDrone2, coordsDrone3] = calculateFollowerPositions(coordsDrone1, coordsDrone1.angle);
      |                                    ^
/home/lrs-ubuntu/Documents/GitHub/LRS-zadania/workspace/src/template_drone_control/src/swaarm_control.cpp:89:36: note:   no known conversion for argument 1 from â€˜std::pair<MultiDroneControl::Coords, MultiDroneControl::Coords>â€™ to â€˜const MultiDroneControl::MultiDroneControl()::<lambda()>&â€™
/home/lrs-ubuntu/Documents/GitHub/LRS-zadania/workspace/src/template_drone_control/src/swaarm_control.cpp:65:16: warning: unused variable â€˜droneCoordsâ€™ [-Wunused-variable]
   65 |         Coords droneCoords;
      |                ^~~~~~~~~~~
/home/lrs-ubuntu/Documents/GitHub/LRS-zadania/workspace/src/template_drone_control/src/swaarm_control.cpp: In member function â€˜std::pair<MultiDroneControl::Coords, MultiDroneControl::Coords> MultiDroneControl::calculateFollowerPositions(const MultiDroneControl::Coords&, double)â€™:
/home/lrs-ubuntu/Documents/GitHub/LRS-zadania/workspace/src/template_drone_control/src/swaarm_control.cpp:166:16: warning: unused variable â€˜angleRadâ€™ [-Wunused-variable]
  166 |         double angleRad = angle * M_PI / 180.0;
      |                ^~~~~~~~
/home/lrs-ubuntu/Documents/GitHub/LRS-zadania/workspace/src/template_drone_control/src/swaarm_control.cpp: In member function â€˜void MultiDroneControl::move_drone(const string&, const MultiDroneControl::Coords&)â€™:
/home/lrs-ubuntu/Documents/GitHub/LRS-zadania/workspace/src/template_drone_control/src/swaarm_control.cpp:208:9: error: â€˜target_poseâ€™ was not declared in this scope
  208 |         target_pose.pose.orientation.x = q.x();
      |         ^~~~~~~~~~~
/home/lrs-ubuntu/Documents/GitHub/LRS-zadania/workspace/src/template_drone_control/src/swaarm_control.cpp: In member function â€˜MultiDroneControl::Coords MultiDroneControl::get_coords(const string&)â€™:
/home/lrs-ubuntu/Documents/GitHub/LRS-zadania/workspace/src/template_drone_control/src/swaarm_control.cpp:244:13: warning: unused variable â€˜iâ€™ [-Wunused-variable]
  244 |         int i = 0;
      |             ^
/home/lrs-ubuntu/Documents/GitHub/LRS-zadania/workspace/src/template_drone_control/src/swaarm_control.cpp:242:42: warning: unused parameter â€˜nsâ€™ [-Wunused-parameter]
  242 |     Coords get_coords(const std::string &ns){
      |                       ~~~~~~~~~~~~~~~~~~~^~
make[2]: *** [CMakeFiles/swaarm_control.dir/build.make:63: CMakeFiles/swaarm_control.dir/src/swaarm_control.cpp.o] Error 1
make[1]: *** [CMakeFiles/Makefile2:80: CMakeFiles/swaarm_control.dir/all] Error 2
make: *** [Makefile:141: all] Error 2
