[0.007s] Invoking command in '/home/lrs-ubuntu/Documents/GitHub/LRS-zadania/workspace/build/template_drone_control': CMAKE_PREFIX_PATH=/opt/ros/foxy /usr/bin/cmake --build /home/lrs-ubuntu/Documents/GitHub/LRS-zadania/workspace/build/template_drone_control -- -j16 -l16
[0.036s] [35m[1mScanning dependencies of target template_drone_control_node[0m
[0.061s] [ 50%] [32mBuilding CXX object CMakeFiles/template_drone_control_node.dir/src/template_drone_control_node.cpp.o[0m
[2.911s] /home/lrs-ubuntu/Documents/GitHub/LRS-zadania/workspace/src/template_drone_control/src/template_drone_control_node.cpp:193:14: error: â€˜optionalâ€™ in namespace â€˜stdâ€™ does not name a template type
[2.911s]   193 |         std::optional<double> value;
[2.911s]       |              ^~~~~~~~
[2.911s] /home/lrs-ubuntu/Documents/GitHub/LRS-zadania/workspace/src/template_drone_control/src/template_drone_control_node.cpp:193:9: note: â€˜std::optionalâ€™ is only available from C++17 onwards
[2.911s]   193 |         std::optional<double> value;
[2.912s]       |         ^~~
[2.912s] /home/lrs-ubuntu/Documents/GitHub/LRS-zadania/workspace/src/template_drone_control/src/template_drone_control_node.cpp: In member function â€˜TemplateDroneControl::DecodedCommand TemplateDroneControl::decodeCommand(const string&)â€™:
[2.912s] /home/lrs-ubuntu/Documents/GitHub/LRS-zadania/workspace/src/template_drone_control/src/template_drone_control_node.cpp:202:35: error: â€˜nulloptâ€™ is not a member of â€˜stdâ€™
[2.912s]   202 |             result.command = std::nullopt;
[2.912s]       |                                   ^~~~~~~
[2.912s] /home/lrs-ubuntu/Documents/GitHub/LRS-zadania/workspace/src/template_drone_control/src/template_drone_control_node.cpp:203:20: error: â€˜struct TemplateDroneControl::DecodedCommandâ€™ has no member named â€˜valueâ€™
[2.912s]   203 |             result.value = std::nullopt;
[2.912s]       |                    ^~~~~
[2.912s] /home/lrs-ubuntu/Documents/GitHub/LRS-zadania/workspace/src/template_drone_control/src/template_drone_control_node.cpp:203:33: error: â€˜nulloptâ€™ is not a member of â€˜stdâ€™
[2.912s]   203 |             result.value = std::nullopt;
[2.912s]       |                                 ^~~~~~~
[2.912s] /home/lrs-ubuntu/Documents/GitHub/LRS-zadania/workspace/src/template_drone_control/src/template_drone_control_node.cpp:208:20: error: â€˜struct TemplateDroneControl::DecodedCommandâ€™ has no member named â€˜valueâ€™
[2.912s]   208 |             result.value = std::nullopt; // Null equivalent for value
[2.912s]       |                    ^~~~~
[2.912s] /home/lrs-ubuntu/Documents/GitHub/LRS-zadania/workspace/src/template_drone_control/src/template_drone_control_node.cpp:208:33: error: â€˜nulloptâ€™ is not a member of â€˜stdâ€™
[2.912s]   208 |             result.value = std::nullopt; // Null equivalent for value
[2.912s]       |                                 ^~~~~~~
[2.912s] /home/lrs-ubuntu/Documents/GitHub/LRS-zadania/workspace/src/template_drone_control/src/template_drone_control_node.cpp:220:24: error: â€˜struct TemplateDroneControl::DecodedCommandâ€™ has no member named â€˜valueâ€™
[2.912s]   220 |                 result.value = std::stod(input.substr(numStart)); // Numeric part as double (e.g., 180)
[2.912s]       |                        ^~~~~
[2.913s] /home/lrs-ubuntu/Documents/GitHub/LRS-zadania/workspace/src/template_drone_control/src/template_drone_control_node.cpp:224:24: error: â€˜struct TemplateDroneControl::DecodedCommandâ€™ has no member named â€˜valueâ€™
[2.913s]   224 |                 result.value = std::nullopt;
[2.913s]       |                        ^~~~~
[2.913s] /home/lrs-ubuntu/Documents/GitHub/LRS-zadania/workspace/src/template_drone_control/src/template_drone_control_node.cpp:224:37: error: â€˜nulloptâ€™ is not a member of â€˜stdâ€™
[2.913s]   224 |                 result.value = std::nullopt;
[2.913s]       |                                     ^~~~~~~
[2.913s] make[2]: *** [CMakeFiles/template_drone_control_node.dir/build.make:63: CMakeFiles/template_drone_control_node.dir/src/template_drone_control_node.cpp.o] Error 1
[2.913s] make[1]: *** [CMakeFiles/Makefile2:105: CMakeFiles/template_drone_control_node.dir/all] Error 2
[2.913s] make: *** [Makefile:141: all] Error 2
[2.913s] Invoked command in '/home/lrs-ubuntu/Documents/GitHub/LRS-zadania/workspace/build/template_drone_control' returned '2': CMAKE_PREFIX_PATH=/opt/ros/foxy /usr/bin/cmake --build /home/lrs-ubuntu/Documents/GitHub/LRS-zadania/workspace/build/template_drone_control -- -j16 -l16
