[35m[1mScanning dependencies of target template_drone_control_node[0m
[ 50%] [32mBuilding CXX object CMakeFiles/template_drone_control_node.dir/src/template_drone_control_node.cpp.o[0m
/home/lrs-ubuntu/Documents/GitHub/LRS-zadania/workspace/src/template_drone_control/src/template_drone_control_node.cpp: In member function â€˜void TemplateDroneControl::move(const string&, const string&)â€™:
/home/lrs-ubuntu/Documents/GitHub/LRS-zadania/workspace/src/template_drone_control/src/template_drone_control_node.cpp:357:30: error: â€˜ommandâ€™ was not declared in this scope; did you mean â€˜commandâ€™?
  357 |                         turn(ommand.command,command.value);
      |                              ^~~~~~
      |                              command
/home/lrs-ubuntu/Documents/GitHub/LRS-zadania/workspace/src/template_drone_control/src/template_drone_control_node.cpp: In member function â€˜void TemplateDroneControl::turn(std::string, double)â€™:
/home/lrs-ubuntu/Documents/GitHub/LRS-zadania/workspace/src/template_drone_control/src/template_drone_control_node.cpp:408:13: error: â€˜rateâ€™ was not declared in this scope
  408 |             rate.sleep();
      |             ^~~~
/home/lrs-ubuntu/Documents/GitHub/LRS-zadania/workspace/src/template_drone_control/src/template_drone_control_node.cpp:421:18: error: â€˜Matrix3x3â€™ is not a member of â€˜tf2â€™
  421 |             tf2::Matrix3x3(q_current).getRPY(roll, pitch, yaw);
      |                  ^~~~~~~~~
/home/lrs-ubuntu/Documents/GitHub/LRS-zadania/workspace/src/template_drone_control/src/template_drone_control_node.cpp:451:13: error: â€˜rateâ€™ was not declared in this scope
  451 |             rate.sleep();
      |             ^~~~
/home/lrs-ubuntu/Documents/GitHub/LRS-zadania/workspace/src/template_drone_control/src/template_drone_control_node.cpp:462:18: error: â€˜Matrix3x3â€™ is not a member of â€˜tf2â€™
  462 |             tf2::Matrix3x3(q_current).getRPY(roll, pitch, yaw);
      |                  ^~~~~~~~~
/home/lrs-ubuntu/Documents/GitHub/LRS-zadania/workspace/src/template_drone_control/src/template_drone_control_node.cpp:466:38: error: â€˜angle_toleranceâ€™ was not declared in this scope
  466 |             if (angle_diff_return <= angle_tolerance) break;
      |                                      ^~~~~~~~~~~~~~~
/home/lrs-ubuntu/Documents/GitHub/LRS-zadania/workspace/src/template_drone_control/src/template_drone_control_node.cpp:378:16: warning: unused variable â€˜initial_angleâ€™ [-Wunused-variable]
  378 |         double initial_angle = angle;
      |                ^~~~~~~~~~~~~
make[2]: *** [CMakeFiles/template_drone_control_node.dir/build.make:63: CMakeFiles/template_drone_control_node.dir/src/template_drone_control_node.cpp.o] Error 1
make[1]: *** [CMakeFiles/Makefile2:105: CMakeFiles/template_drone_control_node.dir/all] Error 2
make: *** [Makefile:141: all] Error 2
