[0.010s] Invoking command in '/home/lrs-ubuntu/Documents/GitHub/LRS-zadania/workspace/build/template_drone_control': CMAKE_PREFIX_PATH=/opt/ros/foxy /usr/bin/cmake --build /home/lrs-ubuntu/Documents/GitHub/LRS-zadania/workspace/build/template_drone_control -- -j16 -l16
[0.050s] [ 50%] [32mBuilding CXX object CMakeFiles/template_drone_control_node.dir/src/template_drone_control_node.cpp.o[0m
[2.949s] /home/lrs-ubuntu/Documents/GitHub/LRS-zadania/workspace/src/template_drone_control/src/template_drone_control_node.cpp:93:9: error: â€˜stringâ€™ does not name a type; did you mean â€˜stdinâ€™?
[2.950s]    93 |         string accuracy;
[2.950s]       |         ^~~~~~
[2.950s]       |         stdin
[2.950s] /home/lrs-ubuntu/Documents/GitHub/LRS-zadania/workspace/src/template_drone_control/src/template_drone_control_node.cpp:94:9: error: â€˜stringâ€™ does not name a type; did you mean â€˜stdinâ€™?
[2.950s]    94 |         string additionalCommand;
[2.950s]       |         ^~~~~~
[2.950s]       |         stdin
[2.950s] /home/lrs-ubuntu/Documents/GitHub/LRS-zadania/workspace/src/template_drone_control/src/template_drone_control_node.cpp: In constructor â€˜TemplateDroneControl::TemplateDroneControl()â€™:
[2.950s] /home/lrs-ubuntu/Documents/GitHub/LRS-zadania/workspace/src/template_drone_control/src/template_drone_control_node.cpp:71:36: error: no matching function for call to â€˜TemplateDroneControl::move(std::string&, double, const char [5])â€™
[2.950s]    71 |         move(path_file, 2.0, "soft");
[2.950s]       |                                    ^
[2.950s] /home/lrs-ubuntu/Documents/GitHub/LRS-zadania/workspace/src/template_drone_control/src/template_drone_control_node.cpp:190:10: note: candidate: â€˜void TemplateDroneControl::move(const string&, const string&)â€™
[2.950s]   190 |     void move(const std::string& pathFile, const std::string& waypointsFile) {
[2.950s]       |          ^~~~
[2.950s] /home/lrs-ubuntu/Documents/GitHub/LRS-zadania/workspace/src/template_drone_control/src/template_drone_control_node.cpp:190:10: note:   candidate expects 2 arguments, 3 provided
[2.950s] /home/lrs-ubuntu/Documents/GitHub/LRS-zadania/workspace/src/template_drone_control/src/template_drone_control_node.cpp: In member function â€˜std::vector<TemplateDroneControl::Waypoints> TemplateDroneControl::readWaypointsCSV(const string&)â€™:
[2.950s] /home/lrs-ubuntu/Documents/GitHub/LRS-zadania/workspace/src/template_drone_control/src/template_drone_control_node.cpp:165:40: error: â€˜struct TemplateDroneControl::Waypointsâ€™ has no member named â€˜accuracyâ€™
[2.950s]   165 |                 std::getline(ss, point.accuracy, ',') &&
[2.950s]       |                                        ^~~~~~~~
[2.950s] /home/lrs-ubuntu/Documents/GitHub/LRS-zadania/workspace/src/template_drone_control/src/template_drone_control_node.cpp:166:40: error: â€˜struct TemplateDroneControl::Waypointsâ€™ has no member named â€˜additionalCommandâ€™
[2.950s]   166 |                 std::getline(ss, point.additionalCommand)) {
[2.951s]       |                                        ^~~~~~~~~~~~~~~~~
[2.951s] /home/lrs-ubuntu/Documents/GitHub/LRS-zadania/workspace/src/template_drone_control/src/template_drone_control_node.cpp: In member function â€˜void TemplateDroneControl::move(const string&, const string&)â€™:
[2.951s] /home/lrs-ubuntu/Documents/GitHub/LRS-zadania/workspace/src/template_drone_control/src/template_drone_control_node.cpp:193:46: error: â€˜waypoints_fileâ€™ was not declared in this scope; did you mean â€˜waypointsFileâ€™?
[2.951s]   193 |         auto allWaypoints = readWaypointsCSV(waypoints_file);
[2.951s]       |                                              ^~~~~~~~~~~~~~
[2.951s]       |                                              waypointsFile
[2.951s] /home/lrs-ubuntu/Documents/GitHub/LRS-zadania/workspace/src/template_drone_control/src/template_drone_control_node.cpp:196:9: error: expected â€˜,â€™ or â€˜;â€™ before â€˜doubleâ€™
[2.951s]   196 |         double z = 2;
[2.951s]       |         ^~~~~~
[2.951s] /home/lrs-ubuntu/Documents/GitHub/LRS-zadania/workspace/src/template_drone_control/src/template_drone_control_node.cpp:201:26: error: â€˜finish_typeâ€™ was not declared in this scope
[2.951s]   201 |             tolerance = (finish_type == curWaypoint.accuracy) ? 0.2 : 0.5;
[2.951s]       |                          ^~~~~~~~~~~
[2.951s] /home/lrs-ubuntu/Documents/GitHub/LRS-zadania/workspace/src/template_drone_control/src/template_drone_control_node.cpp:201:53: error: â€˜struct TemplateDroneControl::Waypointsâ€™ has no member named â€˜accuracyâ€™
[2.951s]   201 |             tolerance = (finish_type == curWaypoint.accuracy) ? 0.2 : 0.5;
[2.951s]       |                                                     ^~~~~~~~
[2.951s] /home/lrs-ubuntu/Documents/GitHub/LRS-zadania/workspace/src/template_drone_control/src/template_drone_control_node.cpp:212:47: error: â€˜zâ€™ was not declared in this scope
[2.951s]   212 |                 target_pose.pose.position.z = z;
[2.951s]       |                                               ^
[2.951s] In file included from /opt/ros/foxy/include/rclcpp/client.hpp:40,
[2.951s]                  from /opt/ros/foxy/include/rclcpp/callback_group.hpp:23,
[2.951s]                  from /opt/ros/foxy/include/rclcpp/any_executable.hpp:20,
[2.952s]                  from /opt/ros/foxy/include/rclcpp/memory_strategy.hpp:24,
[2.952s]                  from /opt/ros/foxy/include/rclcpp/memory_strategies.hpp:18,
[2.952s]                  from /opt/ros/foxy/include/rclcpp/executor_options.hpp:20,
[2.952s]                  from /opt/ros/foxy/include/rclcpp/executor.hpp:33,
[2.952s]                  from /opt/ros/foxy/include/rclcpp/executors/multi_threaded_executor.hpp:26,
[2.952s]                  from /opt/ros/foxy/include/rclcpp/executors.hpp:21,
[2.952s]                  from /opt/ros/foxy/include/rclcpp/rclcpp.hpp:146,
[2.952s]                  from /home/lrs-ubuntu/Documents/GitHub/LRS-zadania/workspace/src/template_drone_control/src/template_drone_control_node.cpp:1:
[2.952s] /home/lrs-ubuntu/Documents/GitHub/LRS-zadania/workspace/src/template_drone_control/src/template_drone_control_node.cpp:216:158: error: â€˜struct TemplateDroneControl::Waypointsâ€™ has no member named â€˜accuracyâ€™
[2.952s]   216 |                 RCLCPP_INFO(this->get_logger(), "current waypoint data (%.2f, %.2f, %.2f, %s, %s)", curWaypoint.x, curWaypoint.y, curWaypoint.z, curWaypoint.accuracy, curWaypoint.additionalCommand);
[2.952s]       |                                                                                                                                                              ^~~~~~~~
[2.952s] /home/lrs-ubuntu/Documents/GitHub/LRS-zadania/workspace/src/template_drone_control/src/template_drone_control_node.cpp:216:180: error: â€˜struct TemplateDroneControl::Waypointsâ€™ has no member named â€˜additionalCommandâ€™
[2.952s]   216 |                 RCLCPP_INFO(this->get_logger(), "current waypoint data (%.2f, %.2f, %.2f, %s, %s)", curWaypoint.x, curWaypoint.y, curWaypoint.z, curWaypoint.accuracy, curWaypoint.additionalCommand);
[2.952s]       |                                                                                                                                                                                    ^~~~~~~~~~~~~~~~~
[2.952s] /home/lrs-ubuntu/Documents/GitHub/LRS-zadania/workspace/src/template_drone_control/src/template_drone_control_node.cpp:232:28: warning: unused variable â€˜dzâ€™ [-Wunused-variable]
[2.952s]   232 |                     double dz = current_pos.pose.position.z - z;
[2.952s]       |                            ^~
[2.952s] /home/lrs-ubuntu/Documents/GitHub/LRS-zadania/workspace/src/template_drone_control/src/template_drone_control_node.cpp:190:63: warning: unused parameter â€˜waypointsFileâ€™ [-Wunused-parameter]
[2.952s]   190 |     void move(const std::string& pathFile, const std::string& waypointsFile) {
[2.952s]       |                                            ~~~~~~~~~~~~~~~~~~~^~~~~~~~~~~~~
[2.952s] make[2]: *** [CMakeFiles/template_drone_control_node.dir/build.make:63: CMakeFiles/template_drone_control_node.dir/src/template_drone_control_node.cpp.o] Error 1
[2.953s] make[1]: *** [CMakeFiles/Makefile2:105: CMakeFiles/template_drone_control_node.dir/all] Error 2
[2.953s] make: *** [Makefile:141: all] Error 2
[2.953s] Invoked command in '/home/lrs-ubuntu/Documents/GitHub/LRS-zadania/workspace/build/template_drone_control' returned '2': CMAKE_PREFIX_PATH=/opt/ros/foxy /usr/bin/cmake --build /home/lrs-ubuntu/Documents/GitHub/LRS-zadania/workspace/build/template_drone_control -- -j16 -l16
