[35m[1mScanning dependencies of target swaarm_control[0m
[ 50%] Built target template_drone_control_node
[ 75%] [32mBuilding CXX object CMakeFiles/swaarm_control.dir/src/swaarm_control.cpp.o[0m
/home/lrs-ubuntu/Documents/GitHub/LRS-zadania/workspace/src/template_drone_control/src/swaarm_control.cpp: In constructor â€˜MultiDroneControl::MultiDroneControl()â€™:
/home/lrs-ubuntu/Documents/GitHub/LRS-zadania/workspace/src/template_drone_control/src/swaarm_control.cpp:69:56: error: no match for â€˜operator=â€™ (operand types are â€˜MultiDroneControl::MultiDroneControl()::Coordinatesâ€™ and â€˜MultiDroneControl::Coordinatesâ€™)
   69 |         droneCoords = get_position(drone_namespaces_[1]);
      |                                                        ^
/home/lrs-ubuntu/Documents/GitHub/LRS-zadania/workspace/src/template_drone_control/src/swaarm_control.cpp:54:16: note: candidate: â€˜constexpr MultiDroneControl::MultiDroneControl()::Coordinates& MultiDroneControl::MultiDroneControl()::Coordinates::operator=(const MultiDroneControl::MultiDroneControl()::Coordinates&)â€™
   54 |         struct Coordinates {
      |                ^~~~~~~~~~~
/home/lrs-ubuntu/Documents/GitHub/LRS-zadania/workspace/src/template_drone_control/src/swaarm_control.cpp:54:16: note:   no known conversion for argument 1 from â€˜MultiDroneControl::Coordinatesâ€™ to â€˜const MultiDroneControl::MultiDroneControl()::Coordinates&â€™
/home/lrs-ubuntu/Documents/GitHub/LRS-zadania/workspace/src/template_drone_control/src/swaarm_control.cpp:54:16: note: candidate: â€˜constexpr MultiDroneControl::MultiDroneControl()::Coordinates& MultiDroneControl::MultiDroneControl()::Coordinates::operator=(MultiDroneControl::MultiDroneControl()::Coordinates&&)â€™
/home/lrs-ubuntu/Documents/GitHub/LRS-zadania/workspace/src/template_drone_control/src/swaarm_control.cpp:54:16: note:   no known conversion for argument 1 from â€˜MultiDroneControl::Coordinatesâ€™ to â€˜MultiDroneControl::MultiDroneControl()::Coordinates&&â€™
make[2]: *** [CMakeFiles/swaarm_control.dir/build.make:63: CMakeFiles/swaarm_control.dir/src/swaarm_control.cpp.o] Error 1
make[1]: *** [CMakeFiles/Makefile2:80: CMakeFiles/swaarm_control.dir/all] Error 2
make: *** [Makefile:141: all] Error 2
