[0.008s] Invoking command in '/home/lrs-ubuntu/Documents/GitHub/LRS-zadania/workspace/build/template_drone_control': CMAKE_PREFIX_PATH=${CMAKE_PREFIX_PATH}:/opt/ros/foxy /usr/bin/cmake --build /home/lrs-ubuntu/Documents/GitHub/LRS-zadania/workspace/build/template_drone_control -- -j16 -l16
[0.034s] [35m[1mScanning dependencies of target swaarm_control[0m
[0.049s] [ 50%] Built target template_drone_control_node
[0.150s] [ 75%] [32mBuilding CXX object CMakeFiles/swaarm_control.dir/src/swaarm_control.cpp.o[0m
[2.727s] /home/lrs-ubuntu/Documents/GitHub/LRS-zadania/workspace/src/template_drone_control/src/swaarm_control.cpp: In constructor â€˜MultiDroneControl::MultiDroneControl()â€™:
[2.727s] /home/lrs-ubuntu/Documents/GitHub/LRS-zadania/workspace/src/template_drone_control/src/swaarm_control.cpp:46:13: error: â€˜current_positions_â€™ was not declared in this scope; did you mean â€˜current_states_â€™?
[2.727s]    46 |             current_positions_[ns] = geometry_msgs::msg::PoseStamped();
[2.727s]       |             ^~~~~~~~~~~~~~~~~~
[2.727s]       |             current_states_
[2.727s] /home/lrs-ubuntu/Documents/GitHub/LRS-zadania/workspace/src/template_drone_control/src/swaarm_control.cpp:47:13: error: â€˜last_pose_time_â€™ was not declared in this scope
[2.727s]    47 |             last_pose_time_[ns] = rclcpp::Time(0, 0, this->get_clock()->get_clock_type());
[2.728s]       |             ^~~~~~~~~~~~~~~
[2.728s] make[2]: *** [CMakeFiles/swaarm_control.dir/build.make:63: CMakeFiles/swaarm_control.dir/src/swaarm_control.cpp.o] Error 1
[2.728s] make[1]: *** [CMakeFiles/Makefile2:80: CMakeFiles/swaarm_control.dir/all] Error 2
[2.728s] make: *** [Makefile:141: all] Error 2
[2.729s] Invoked command in '/home/lrs-ubuntu/Documents/GitHub/LRS-zadania/workspace/build/template_drone_control' returned '2': CMAKE_PREFIX_PATH=${CMAKE_PREFIX_PATH}:/opt/ros/foxy /usr/bin/cmake --build /home/lrs-ubuntu/Documents/GitHub/LRS-zadania/workspace/build/template_drone_control -- -j16 -l16
