[0.008s] Invoking command in '/home/lrs-ubuntu/Documents/GitHub/LRS-zadania/workspace/build/template_drone_control': CMAKE_PREFIX_PATH=${CMAKE_PREFIX_PATH}:/opt/ros/foxy /usr/bin/cmake --build /home/lrs-ubuntu/Documents/GitHub/LRS-zadania/workspace/build/template_drone_control -- -j16 -l16
[0.037s] [35m[1mScanning dependencies of target swaarm_control[0m
[0.051s] [ 50%] Built target template_drone_control_node
[0.063s] [ 75%] [32mBuilding CXX object CMakeFiles/swaarm_control.dir/src/swaarm_control.cpp.o[0m
[3.015s] /home/lrs-ubuntu/Documents/GitHub/LRS-zadania/workspace/src/template_drone_control/src/swaarm_control.cpp: In member function â€˜void MultiDroneControl::move_drones(MultiDroneControl::Coords)â€™:
[3.015s] /home/lrs-ubuntu/Documents/GitHub/LRS-zadania/workspace/src/template_drone_control/src/swaarm_control.cpp:252:26: error: â€˜current_positions_drone_namespaces_â€™ was not declared in this scope
[3.015s]   252 |         auto posDrone1 = current_positions_drone_namespaces_[0];
[3.015s]       |                          ^~~~~~~~~~~~~~~~~~~~~~~~~~~~~~~~~~~
[3.015s] /home/lrs-ubuntu/Documents/GitHub/LRS-zadania/workspace/src/template_drone_control/src/swaarm_control.cpp:257:18: error: â€˜coordsDrone2â€™ was not declared in this scope
[3.015s]   257 |         std::tie(coordsDrone2, coordsDrone3) = calculateFollowerPositions(coordsDrone1);
[3.015s]       |                  ^~~~~~~~~~~~
[3.016s] /home/lrs-ubuntu/Documents/GitHub/LRS-zadania/workspace/src/template_drone_control/src/swaarm_control.cpp:257:32: error: â€˜coordsDrone3â€™ was not declared in this scope
[3.016s]   257 |         std::tie(coordsDrone2, coordsDrone3) = calculateFollowerPositions(coordsDrone1);
[3.016s]       |                                ^~~~~~~~~~~~
[3.016s] /home/lrs-ubuntu/Documents/GitHub/LRS-zadania/workspace/src/template_drone_control/src/swaarm_control.cpp:257:75: error: â€˜coordsDrone1â€™ was not declared in this scope
[3.016s]   257 |         std::tie(coordsDrone2, coordsDrone3) = calculateFollowerPositions(coordsDrone1);
[3.016s]       |                                                                           ^~~~~~~~~~~~
[3.016s] make[2]: *** [CMakeFiles/swaarm_control.dir/build.make:63: CMakeFiles/swaarm_control.dir/src/swaarm_control.cpp.o] Error 1
[3.016s] make[1]: *** [CMakeFiles/Makefile2:80: CMakeFiles/swaarm_control.dir/all] Error 2
[3.016s] make: *** [Makefile:141: all] Error 2
[3.017s] Invoked command in '/home/lrs-ubuntu/Documents/GitHub/LRS-zadania/workspace/build/template_drone_control' returned '2': CMAKE_PREFIX_PATH=${CMAKE_PREFIX_PATH}:/opt/ros/foxy /usr/bin/cmake --build /home/lrs-ubuntu/Documents/GitHub/LRS-zadania/workspace/build/template_drone_control -- -j16 -l16
