[0.008s] Invoking command in '/home/lrs-ubuntu/Documents/GitHub/LRS-zadania/workspace/build/template_drone_control': CMAKE_PREFIX_PATH=/opt/ros/foxy /usr/bin/cmake --build /home/lrs-ubuntu/Documents/GitHub/LRS-zadania/workspace/build/template_drone_control -- -j16 -l16
[0.040s] [35m[1mScanning dependencies of target template_drone_control_node[0m
[0.066s] [ 50%] [32mBuilding CXX object CMakeFiles/template_drone_control_node.dir/src/template_drone_control_node.cpp.o[0m
[2.928s] /home/lrs-ubuntu/Documents/GitHub/LRS-zadania/workspace/src/template_drone_control/src/template_drone_control_node.cpp:191:14: error: â€˜optionalâ€™ in namespace â€˜stdâ€™ does not name a template type
[2.928s]   191 |         std::optional<double> value;
[2.928s]       |              ^~~~~~~~
[2.928s] /home/lrs-ubuntu/Documents/GitHub/LRS-zadania/workspace/src/template_drone_control/src/template_drone_control_node.cpp:191:9: note: â€˜std::optionalâ€™ is only available from C++17 onwards
[2.928s]   191 |         std::optional<double> value;
[2.928s]       |         ^~~
[2.928s] /home/lrs-ubuntu/Documents/GitHub/LRS-zadania/workspace/src/template_drone_control/src/template_drone_control_node.cpp: In member function â€˜TemplateDroneControl::DecodedCommand TemplateDroneControl::decodeCommand(const string&)â€™:
[2.928s] /home/lrs-ubuntu/Documents/GitHub/LRS-zadania/workspace/src/template_drone_control/src/template_drone_control_node.cpp:200:35: error: â€˜nulloptâ€™ is not a member of â€˜stdâ€™
[2.928s]   200 |             result.command = std::nullopt;
[2.928s]       |                                   ^~~~~~~
[2.928s] /home/lrs-ubuntu/Documents/GitHub/LRS-zadania/workspace/src/template_drone_control/src/template_drone_control_node.cpp:201:20: error: â€˜struct TemplateDroneControl::DecodedCommandâ€™ has no member named â€˜valueâ€™
[2.928s]   201 |             result.value = std::nullopt;
[2.928s]       |                    ^~~~~
[2.928s] /home/lrs-ubuntu/Documents/GitHub/LRS-zadania/workspace/src/template_drone_control/src/template_drone_control_node.cpp:201:33: error: â€˜nulloptâ€™ is not a member of â€˜stdâ€™
[2.928s]   201 |             result.value = std::nullopt;
[2.928s]       |                                 ^~~~~~~
[2.928s] /home/lrs-ubuntu/Documents/GitHub/LRS-zadania/workspace/src/template_drone_control/src/template_drone_control_node.cpp:206:20: error: â€˜struct TemplateDroneControl::DecodedCommandâ€™ has no member named â€˜valueâ€™
[2.929s]   206 |             result.value = std::nullopt; // Null equivalent for value
[2.929s]       |                    ^~~~~
[2.929s] /home/lrs-ubuntu/Documents/GitHub/LRS-zadania/workspace/src/template_drone_control/src/template_drone_control_node.cpp:206:33: error: â€˜nulloptâ€™ is not a member of â€˜stdâ€™
[2.929s]   206 |             result.value = std::nullopt; // Null equivalent for value
[2.929s]       |                                 ^~~~~~~
[2.929s] /home/lrs-ubuntu/Documents/GitHub/LRS-zadania/workspace/src/template_drone_control/src/template_drone_control_node.cpp:218:24: error: â€˜struct TemplateDroneControl::DecodedCommandâ€™ has no member named â€˜valueâ€™
[2.929s]   218 |                 result.value = std::stod(input.substr(numStart)); // Numeric part as double (e.g., 180)
[2.929s]       |                        ^~~~~
[2.929s] /home/lrs-ubuntu/Documents/GitHub/LRS-zadania/workspace/src/template_drone_control/src/template_drone_control_node.cpp:222:24: error: â€˜struct TemplateDroneControl::DecodedCommandâ€™ has no member named â€˜valueâ€™
[2.929s]   222 |                 result.value = std::nullopt;
[2.929s]       |                        ^~~~~
[2.929s] /home/lrs-ubuntu/Documents/GitHub/LRS-zadania/workspace/src/template_drone_control/src/template_drone_control_node.cpp:222:37: error: â€˜nulloptâ€™ is not a member of â€˜stdâ€™
[2.929s]   222 |                 result.value = std::nullopt;
[2.929s]       |                                     ^~~~~~~
[2.929s] make[2]: *** [CMakeFiles/template_drone_control_node.dir/build.make:63: CMakeFiles/template_drone_control_node.dir/src/template_drone_control_node.cpp.o] Error 1
[2.929s] make[1]: *** [CMakeFiles/Makefile2:105: CMakeFiles/template_drone_control_node.dir/all] Error 2
[2.929s] make: *** [Makefile:141: all] Error 2
[2.930s] Invoked command in '/home/lrs-ubuntu/Documents/GitHub/LRS-zadania/workspace/build/template_drone_control' returned '2': CMAKE_PREFIX_PATH=/opt/ros/foxy /usr/bin/cmake --build /home/lrs-ubuntu/Documents/GitHub/LRS-zadania/workspace/build/template_drone_control -- -j16 -l16
