/home/lrs-ubuntu/Documents/GitHub/LRS-zadania/workspace/src/template_drone_control/src/swaarm_control.cpp: In member function ‘void MultiDroneControl::move_drones(MultiDroneControl::Coords)’:
/home/lrs-ubuntu/Documents/GitHub/LRS-zadania/workspace/src/template_drone_control/src/swaarm_control.cpp:253:26: error: ‘local_pos_subs_drone1’ was not declared in this scope; did you mean ‘local_pos_subs_’?
  253 |         auto posDrone1 = local_pos_subs_drone1;
      |                          ^~~~~~~~~~~~~~~~~~~~~
      |                          local_pos_subs_
/home/lrs-ubuntu/Documents/GitHub/LRS-zadania/workspace/src/template_drone_control/src/swaarm_control.cpp:258:18: error: ‘coordsDrone2’ was not declared in this scope
  258 |         std::tie(coordsDrone2, coordsDrone3) = calculateFollowerPositions(coordsDrone1);
      |                  ^~~~~~~~~~~~
/home/lrs-ubuntu/Documents/GitHub/LRS-zadania/workspace/src/template_drone_control/src/swaarm_control.cpp:258:32: error: ‘coordsDrone3’ was not declared in this scope
  258 |         std::tie(coordsDrone2, coordsDrone3) = calculateFollowerPositions(coordsDrone1);
      |                                ^~~~~~~~~~~~
/home/lrs-ubuntu/Documents/GitHub/LRS-zadania/workspace/src/template_drone_control/src/swaarm_control.cpp:258:75: error: ‘coordsDrone1’ was not declared in this scope
  258 |         std::tie(coordsDrone2, coordsDrone3) = calculateFollowerPositions(coordsDrone1);
      |                                                                           ^~~~~~~~~~~~
make[2]: *** [CMakeFiles/swaarm_control.dir/build.make:63: CMakeFiles/swaarm_control.dir/src/swaarm_control.cpp.o] Error 1
make[1]: *** [CMakeFiles/Makefile2:80: CMakeFiles/swaarm_control.dir/all] Error 2
make: *** [Makefile:141: all] Error 2
